2026-02-27 19:09:32 - webscanpro - INFO - Starting WebScanPro scan for http://localhost:45/
2026-02-27 19:09:32 - webscanpro - INFO - Scan type: sqli
2026-02-27 19:09:32 - webscanpro - INFO - Starting WebScanPro scan for http://localhost:45/index.php
2026-02-27 19:09:32 - webscanpro - INFO - Scan type: all
2026-02-27 19:09:32 - webscanpro - INFO - Starting security scan...
2026-02-27 19:09:32 - ScanController - INFO - Starting scan scan_1772199572 for http://localhost:45/
2026-02-27 19:09:32 - ScanController - INFO - Crawling target website...
2026-02-27 19:09:32 - webscanpro - INFO - Starting security scan...
2026-02-27 19:09:32 - ScanController - INFO - Starting scan scan_1772199572 for http://localhost:45/index.php
2026-02-27 19:09:32 - ScanController - INFO - Crawling target website...
2026-02-27 19:09:32 - ScanController - INFO - Running SQL Injection scan...
2026-02-27 19:09:32 - ScanController - INFO - Running SQL Injection scan...
2026-02-27 19:09:52 - ScanController - INFO - Running XSS scan...
2026-02-27 19:09:56 - ScanController - INFO - Running XSS scan...
2026-02-27 19:10:06 - ScanController - INFO - Scan completed. Found 8 vulnerabilities
2026-02-27 19:10:06 - webscanpro - INFO - Generating reports...
2026-02-27 19:10:06 - webscanpro.json_report - INFO - Generated JSON report: C:\Users\win10\Desktop\WebScanPro\reports\webscanpro_report_20260227_191006.json
2026-02-27 19:10:06 - webscanpro.report_generator - INFO - Generated JSON report: C:\Users\win10\Desktop\WebScanPro\reports\webscanpro_report_20260227_191006.json
2026-02-27 19:10:06 - webscanpro - INFO - JSON report saved to C:\Users\win10\Desktop\WebScanPro\reports\report.json
2026-02-27 19:10:06 - webscanpro - INFO - Scan completed successfully!
2026-02-27 19:10:15 - ScanController - INFO - Scan completed. Found 15 vulnerabilities
2026-02-27 19:10:15 - webscanpro - INFO - Generating reports...
2026-02-27 19:10:15 - webscanpro.html_report - INFO - Generated HTML report: C:\Users\win10\Desktop\WebScanPro\reports\webscanpro_report_20260227_191015.html
2026-02-27 19:10:15 - webscanpro.report_generator - INFO - Generated HTML report: C:\Users\win10\Desktop\WebScanPro\reports\webscanpro_report_20260227_191015.html
2026-02-27 19:10:15 - webscanpro - INFO - HTML report saved to C:\Users\win10\Desktop\WebScanPro\reports\report.html
2026-02-27 19:10:15 - webscanpro - INFO - Scan completed successfully!
