2026-03-15 20:33:49 - webscanpro - INFO - Starting WebScanPro scan for http://localhost:45/
2026-03-15 20:33:49 - webscanpro - INFO - Scan type: sqli
2026-03-15 20:33:49 - webscanpro - INFO - Starting security scan...
2026-03-15 20:33:49 - ScanController - INFO - Starting scan scan_1773587029 for http://localhost:45/
2026-03-15 20:33:49 - ScanController - INFO - Crawling target website...
2026-03-15 20:33:49 - ScanController - INFO - Running SQL Injection scan...
2026-03-15 20:33:49 - webscanpro - INFO - Starting WebScanPro scan for http://localhost:45/index.php
2026-03-15 20:33:49 - webscanpro - INFO - Scan type: all
2026-03-15 20:33:49 - webscanpro - INFO - Starting security scan...
2026-03-15 20:33:49 - ScanController - INFO - Starting scan scan_1773587029 for http://localhost:45/index.php
2026-03-15 20:33:49 - ScanController - INFO - Crawling target website...
2026-03-15 20:33:49 - ScanController - INFO - Running SQL Injection scan...
2026-03-15 20:33:54 - ScanController - INFO - Running XSS scan...
2026-03-15 20:33:57 - ScanController - INFO - Scan completed. Found 0 vulnerabilities
2026-03-15 20:33:57 - webscanpro - INFO - Generating reports...
2026-03-15 20:33:57 - webscanpro.json_report - INFO - Generated JSON report: C:\Users\win10\Desktop\WebScanPro (2)\WebScanPro\reports\webscanpro_report_20260315_203357.json
2026-03-15 20:33:57 - webscanpro.report_generator - INFO - Generated JSON report: C:\Users\win10\Desktop\WebScanPro (2)\WebScanPro\reports\webscanpro_report_20260315_203357.json
2026-03-15 20:33:57 - webscanpro - INFO - JSON report saved to C:\Users\win10\Desktop\WebScanPro (2)\WebScanPro\reports\report.json
2026-03-15 20:33:57 - webscanpro - INFO - Scan completed successfully!
2026-03-15 20:34:14 - ScanController - INFO - Running XSS scan...
2026-03-15 20:34:25 - webscanpro - WARNING - Scan interrupted by user
