2026-03-15 20:27:23 - webscanpro - INFO - Starting WebScanPro scan for http://localhost:45/
2026-03-15 20:27:23 - webscanpro - INFO - Scan type: sqli
2026-03-15 20:27:23 - webscanpro - INFO - Starting WebScanPro scan for http://localhost:45/index.php
2026-03-15 20:27:23 - webscanpro - INFO - Scan type: all
2026-03-15 20:27:23 - webscanpro - INFO - Starting security scan...
2026-03-15 20:27:23 - ScanController - INFO - Starting scan scan_1773586643 for http://localhost:45/
2026-03-15 20:27:23 - ScanController - INFO - Crawling target website...
2026-03-15 20:27:23 - webscanpro - INFO - Starting security scan...
2026-03-15 20:27:23 - ScanController - INFO - Starting scan scan_1773586643 for http://localhost:45/index.php
2026-03-15 20:27:23 - ScanController - INFO - Crawling target website...
2026-03-15 20:27:23 - ScanController - INFO - Running SQL Injection scan...
2026-03-15 20:27:24 - ScanController - INFO - Running SQL Injection scan...
2026-03-15 20:27:27 - ScanController - INFO - Running XSS scan...
2026-03-15 20:27:28 - ScanController - INFO - Running XSS scan...
2026-03-15 20:27:34 - ScanController - INFO - Scan completed. Found 4 vulnerabilities
2026-03-15 20:27:34 - webscanpro - INFO - Generating reports...
2026-03-15 20:27:34 - webscanpro.json_report - INFO - Generated JSON report: C:\Users\win10\Desktop\WebScanPro (2)\WebScanPro\reports\webscanpro_report_20260315_202734.json
2026-03-15 20:27:34 - webscanpro.report_generator - INFO - Generated JSON report: C:\Users\win10\Desktop\WebScanPro (2)\WebScanPro\reports\webscanpro_report_20260315_202734.json
2026-03-15 20:27:34 - webscanpro - INFO - JSON report saved to C:\Users\win10\Desktop\WebScanPro (2)\WebScanPro\reports\report.json
2026-03-15 20:27:34 - webscanpro - INFO - Scan completed successfully!
2026-03-15 20:27:36 - ScanController - INFO - Scan completed. Found 4 vulnerabilities
2026-03-15 20:27:36 - webscanpro - INFO - Generating reports...
2026-03-15 20:27:36 - webscanpro.html_report - INFO - Generated HTML report: C:\Users\win10\Desktop\WebScanPro (2)\WebScanPro\reports\webscanpro_report_20260315_202736.html
2026-03-15 20:27:36 - webscanpro.report_generator - INFO - Generated HTML report: C:\Users\win10\Desktop\WebScanPro (2)\WebScanPro\reports\webscanpro_report_20260315_202736.html
2026-03-15 20:27:36 - webscanpro - INFO - HTML report saved to C:\Users\win10\Desktop\WebScanPro (2)\WebScanPro\reports\report.html
2026-03-15 20:27:36 - webscanpro - INFO - Scan completed successfully!
